<?xml version="1.0" encoding="UTF-8"?>
<testsuite name="com.jojoldu.book.springboot.domain.posts.PostsRepositoryTest" tests="1" skipped="0" failures="0" errors="0" timestamp="2020-05-02T11:17:12" hostname="MacBook-Pro-2.local" time="0.021">
  <properties/>
  <testcase name="게시글저장_불러오기" classname="com.jojoldu.book.springboot.domain.posts.PostsRepositoryTest" time="0.021"/>
  <system-out><![CDATA[2020-05-02 20:17:11.010  INFO 2801 --- [    Test worker] .b.t.c.SpringBootTestContextBootstrapper : Neither @ContextConfiguration nor @ContextHierarchy found for test class [com.jojoldu.book.springboot.domain.posts.PostsRepositoryTest], using SpringBootContextLoader
2020-05-02 20:17:11.014  INFO 2801 --- [    Test worker] o.s.t.c.support.AbstractContextLoader    : Could not detect default resource locations for test class [com.jojoldu.book.springboot.domain.posts.PostsRepositoryTest]: no resource found for suffixes {-context.xml, Context.groovy}.
2020-05-02 20:17:11.015  INFO 2801 --- [    Test worker] t.c.s.AnnotationConfigContextLoaderUtils : Could not detect default configuration classes for test class [com.jojoldu.book.springboot.domain.posts.PostsRepositoryTest]: PostsRepositoryTest does not declare any static, non-private, non-final, nested classes annotated with @Configuration.
2020-05-02 20:17:11.022  INFO 2801 --- [    Test worker] .b.t.c.SpringBootTestContextBootstrapper : Found @SpringBootConfiguration com.jojoldu.book.springboot.Application for test class com.jojoldu.book.springboot.domain.posts.PostsRepositoryTest
2020-05-02 20:17:11.024  INFO 2801 --- [    Test worker] .b.t.c.SpringBootTestContextBootstrapper : Loaded default TestExecutionListener class names from location [META-INF/spring.factories]: [org.springframework.security.test.context.support.WithSecurityContextTestExecutionListener, org.springframework.security.test.context.support.ReactorContextTestExecutionListener, org.springframework.boot.test.autoconfigure.restdocs.RestDocsTestExecutionListener, org.springframework.boot.test.autoconfigure.web.client.MockRestServiceServerResetTestExecutionListener, org.springframework.boot.test.autoconfigure.web.servlet.MockMvcPrintOnlyOnFailureTestExecutionListener, org.springframework.boot.test.autoconfigure.web.servlet.WebDriverTestExecutionListener, org.springframework.boot.test.mock.mockito.MockitoTestExecutionListener, org.springframework.boot.test.mock.mockito.ResetMocksTestExecutionListener, org.springframework.test.context.web.ServletTestExecutionListener, org.springframework.test.context.support.DirtiesContextBeforeModesTestExecutionListener, org.springframework.test.context.support.DependencyInjectionTestExecutionListener, org.springframework.test.context.support.DirtiesContextTestExecutionListener, org.springframework.test.context.transaction.TransactionalTestExecutionListener, org.springframework.test.context.jdbc.SqlScriptsTestExecutionListener]
2020-05-02 20:17:11.025  INFO 2801 --- [    Test worker] .b.t.c.SpringBootTestContextBootstrapper : Using TestExecutionListeners: [org.springframework.test.context.web.ServletTestExecutionListener@7fcd7497, org.springframework.test.context.support.DirtiesContextBeforeModesTestExecutionListener@5b690c2f, org.springframework.boot.test.mock.mockito.MockitoTestExecutionListener@41e7eb19, org.springframework.boot.test.autoconfigure.SpringBootDependencyInjectionTestExecutionListener@7d140f1e, org.springframework.test.context.support.DirtiesContextTestExecutionListener@6969a5e7, org.springframework.test.context.transaction.TransactionalTestExecutionListener@7a72d491, org.springframework.test.context.jdbc.SqlScriptsTestExecutionListener@43347e5, org.springframework.security.test.context.support.WithSecurityContextTestExecutionListener@5982c482, org.springframework.security.test.context.support.ReactorContextTestExecutionListener@7de014c8, org.springframework.boot.test.autoconfigure.restdocs.RestDocsTestExecutionListener@11da91b9, org.springframework.boot.test.autoconfigure.web.client.MockRestServiceServerResetTestExecutionListener@fc8e008, org.springframework.boot.test.autoconfigure.web.servlet.MockMvcPrintOnlyOnFailureTestExecutionListener@402183a7, org.springframework.boot.test.autoconfigure.web.servlet.WebDriverTestExecutionListener@3d1a893f, org.springframework.boot.test.mock.mockito.ResetMocksTestExecutionListener@7808907c]

  .   ____          _            __ _ _
 /\\ / ___'_ __ _ _(_)_ __  __ _ \ \ \ \
( ( )\___ | '_ | '_| | '_ \/ _` | \ \ \ \
 \\/  ___)| |_)| | | | | || (_| |  ) ) ) )
  '  |____| .__|_| |_|_| |_\__, | / / / /
 =========|_|==============|___/=/_/_/_/
 :: Spring Boot ::        (v2.1.7.RELEASE)

2020-05-02 20:17:11.054  INFO 2801 --- [    Test worker] c.j.b.s.d.posts.PostsRepositoryTest      : Starting PostsRepositoryTest on MacBook-Pro-2.local with PID 2801 (started by sjkim in /Users/sjkim/IdeaProjects/freelc-springboot2-webservice)
2020-05-02 20:17:11.055  INFO 2801 --- [    Test worker] c.j.b.s.d.posts.PostsRepositoryTest      : No active profile set, falling back to default profiles: default
2020-05-02 20:17:11.255  INFO 2801 --- [    Test worker] .s.d.r.c.RepositoryConfigurationDelegate : Bootstrapping Spring Data repositories in DEFAULT mode.
2020-05-02 20:17:11.270  INFO 2801 --- [    Test worker] .s.d.r.c.RepositoryConfigurationDelegate : Finished Spring Data repository scanning in 14ms. Found 2 repository interfaces.
2020-05-02 20:17:11.371  INFO 2801 --- [    Test worker] trationDelegate$BeanPostProcessorChecker : Bean 'org.springframework.transaction.annotation.ProxyTransactionManagementConfiguration' of type [org.springframework.transaction.annotation.ProxyTransactionManagementConfiguration$$EnhancerBySpringCGLIB$$495cbc88] is not eligible for getting processed by all BeanPostProcessors (for example: not eligible for auto-proxying)
2020-05-02 20:17:11.448  INFO 2801 --- [    Test worker] com.zaxxer.hikari.HikariDataSource       : HikariPool-2 - Starting...
2020-05-02 20:17:11.450  INFO 2801 --- [    Test worker] com.zaxxer.hikari.HikariDataSource       : HikariPool-2 - Start completed.
2020-05-02 20:17:11.470  INFO 2801 --- [    Test worker] o.hibernate.jpa.internal.util.LogHelper  : HHH000204: Processing PersistenceUnitInfo [
	name: default
	...]
2020-05-02 20:17:11.476  INFO 2801 --- [    Test worker] org.hibernate.dialect.Dialect            : HHH000400: Using dialect: org.hibernate.dialect.H2Dialect
Hibernate: drop table posts if exists
Hibernate: drop table user if exists
Hibernate: create table posts (id bigint generated by default as identity, created_date timestamp, modified_date timestamp, author varchar(255), content TEXT not null, title varchar(500) not null, primary key (id))
Hibernate: create table user (id bigint generated by default as identity, created_date timestamp, modified_date timestamp, email varchar(255) not null, name varchar(255) not null, picture varchar(255), role varchar(255) not null, primary key (id))
2020-05-02 20:17:11.531  INFO 2801 --- [    Test worker] o.h.t.schema.internal.SchemaCreatorImpl  : HHH000476: Executing import script 'org.hibernate.tool.schema.internal.exec.ScriptSourceInputNonExistentImpl@3a058f4e'
2020-05-02 20:17:11.531  INFO 2801 --- [    Test worker] j.LocalContainerEntityManagerFactoryBean : Initialized JPA EntityManagerFactory for persistence unit 'default'
2020-05-02 20:17:11.725  INFO 2801 --- [    Test worker] o.h.h.i.QueryTranslatorFactoryInitiator  : HHH000397: Using ASTQueryTranslatorFactory
2020-05-02 20:17:11.844  INFO 2801 --- [    Test worker] o.s.s.web.DefaultSecurityFilterChain     : Creating filter chain: any request, [org.springframework.security.web.context.request.async.WebAsyncManagerIntegrationFilter@abdf1aa, org.springframework.security.web.context.SecurityContextPersistenceFilter@5c7bfa45, org.springframework.security.web.header.HeaderWriterFilter@52f863f3, org.springframework.security.web.authentication.logout.LogoutFilter@47fa577a, org.springframework.security.oauth2.client.web.OAuth2AuthorizationRequestRedirectFilter@1c05ea52, org.springframework.security.oauth2.client.web.OAuth2LoginAuthenticationFilter@741241f8, org.springframework.security.web.authentication.ui.DefaultLoginPageGeneratingFilter@44502467, org.springframework.security.web.authentication.ui.DefaultLogoutPageGeneratingFilter@35035095, org.springframework.security.web.savedrequest.RequestCacheAwareFilter@a893fd3, org.springframework.security.web.servletapi.SecurityContextHolderAwareRequestFilter@1b7f228a, org.springframework.security.web.authentication.AnonymousAuthenticationFilter@6676b1d, org.springframework.security.web.session.SessionManagementFilter@211fcdf7, org.springframework.security.web.access.ExceptionTranslationFilter@4933e2e3, org.springframework.security.web.access.intercept.FilterSecurityInterceptor@404fe9c9]
2020-05-02 20:17:12.086  INFO 2801 --- [    Test worker] o.s.s.concurrent.ThreadPoolTaskExecutor  : Initializing ExecutorService 'applicationTaskExecutor'
2020-05-02 20:17:12.099  WARN 2801 --- [    Test worker] aWebConfiguration$JpaWebMvcConfiguration : spring.jpa.open-in-view is enabled by default. Therefore, database queries may be performed during view rendering. Explicitly configure spring.jpa.open-in-view to disable this warning
2020-05-02 20:17:12.122  INFO 2801 --- [    Test worker] o.s.b.a.w.s.WelcomePageHandlerMapping    : Adding welcome page template: index
2020-05-02 20:17:12.413  INFO 2801 --- [    Test worker] s.a.ScheduledAnnotationBeanPostProcessor : No TaskScheduler/ScheduledExecutorService bean found for scheduled processing
2020-05-02 20:17:12.415  INFO 2801 --- [    Test worker] c.j.b.s.d.posts.PostsRepositoryTest      : Started PostsRepositoryTest in 1.386 seconds (JVM running for 10.736)
Hibernate: insert into posts (id, created_date, modified_date, author, content, title) values (null, ?, ?, ?, ?, ?)
Hibernate: select posts0_.id as id1_0_, posts0_.created_date as created_2_0_, posts0_.modified_date as modified3_0_, posts0_.author as author4_0_, posts0_.content as content5_0_, posts0_.title as title6_0_ from posts posts0_
Hibernate: select posts0_.id as id1_0_, posts0_.created_date as created_2_0_, posts0_.modified_date as modified3_0_, posts0_.author as author4_0_, posts0_.content as content5_0_, posts0_.title as title6_0_ from posts posts0_
Hibernate: delete from posts where id=?
]]></system-out>
  <system-err><![CDATA[]]></system-err>
</testsuite>
